2020-06-06 10:39:21.119  INFO 7556 --- [restartedMain] com.zjh.jobms.JobmsApplication           : Starting JobmsApplication on zjh-Latitude-E5440 with PID 7556 (/home/zjh/workspace/github/zhaomsdemo/jobms/target/classes started by zjh in /home/zjh/workspace/github/zhaomsdemo/jobms)
2020-06-06 10:39:21.129  INFO 7556 --- [restartedMain] com.zjh.jobms.JobmsApplication           : The following profiles are active: dev
2020-06-06 10:39:21.256  INFO 7556 --- [restartedMain] .e.DevToolsPropertyDefaultsPostProcessor : Devtools property defaults active! Set 'spring.devtools.add-properties' to 'false' to disable
2020-06-06 10:39:21.257  INFO 7556 --- [restartedMain] .e.DevToolsPropertyDefaultsPostProcessor : For additional web related logging consider setting the 'logging.level.web' property to 'DEBUG'
2020-06-06 10:39:22.246  INFO 7556 --- [restartedMain] .s.d.r.c.RepositoryConfigurationDelegate : Bootstrapping Spring Data JPA repositories in DEFERRED mode.
2020-06-06 10:39:22.307  INFO 7556 --- [restartedMain] .s.d.r.c.RepositoryConfigurationDelegate : Finished Spring Data repository scanning in 51ms. Found 1 JPA repository interfaces.
2020-06-06 10:39:23.021  INFO 7556 --- [restartedMain] o.s.b.w.embedded.tomcat.TomcatWebServer  : Tomcat initialized with port(s): 8080 (http)
2020-06-06 10:39:23.031  INFO 7556 --- [restartedMain] o.apache.catalina.core.StandardService   : Starting service [Tomcat]
2020-06-06 10:39:23.032  INFO 7556 --- [restartedMain] org.apache.catalina.core.StandardEngine  : Starting Servlet engine: [Apache Tomcat/9.0.35]
2020-06-06 10:39:23.089  INFO 7556 --- [restartedMain] o.a.c.c.C.[Tomcat].[localhost].[/api]    : Initializing Spring embedded WebApplicationContext
2020-06-06 10:39:23.089  INFO 7556 --- [restartedMain] o.s.web.context.ContextLoader            : Root WebApplicationContext: initialization completed in 1831 ms
2020-06-06 10:39:23.359  INFO 7556 --- [restartedMain] com.zaxxer.hikari.HikariDataSource       : HikariPool-1 - Starting...
2020-06-06 10:39:23.404  INFO 7556 --- [restartedMain] com.zaxxer.hikari.HikariDataSource       : HikariPool-1 - Start completed.
2020-06-06 10:39:23.410  INFO 7556 --- [restartedMain] o.s.b.a.h2.H2ConsoleAutoConfiguration    : H2 console available at '/h2-console'. Database available at 'jdbc:mysql://localhost:3306/jobms?useUnicode=true&useJDBCCompliantTimezoneShift=true&useLegacyDatetimeCode=false&serverTimezone=UTC'
2020-06-06 10:39:23.638  INFO 7556 --- [restartedMain] o.s.s.concurrent.ThreadPoolTaskExecutor  : Initializing ExecutorService 'applicationTaskExecutor'
2020-06-06 10:39:23.689  INFO 7556 --- [task-1] o.hibernate.jpa.internal.util.LogHelper  : HHH000204: Processing PersistenceUnitInfo [name: default]
2020-06-06 10:39:23.752  INFO 7556 --- [task-1] org.hibernate.Version                    : HHH000412: Hibernate ORM core version 5.4.15.Final
2020-06-06 10:39:23.934  INFO 7556 --- [task-1] o.hibernate.annotations.common.Version   : HCANN000001: Hibernate Commons Annotations {5.1.0.Final}
2020-06-06 10:39:24.057  INFO 7556 --- [task-1] org.hibernate.dialect.Dialect            : HHH000400: Using dialect: org.hibernate.dialect.MariaDB102Dialect
2020-06-06 10:39:24.607  INFO 7556 --- [task-1] o.h.e.t.j.p.i.JtaPlatformInitiator       : HHH000490: Using JtaPlatform implementation: [org.hibernate.engine.transaction.jta.platform.internal.NoJtaPlatform]
2020-06-06 10:39:24.614  INFO 7556 --- [task-1] j.LocalContainerEntityManagerFactoryBean : Initialized JPA EntityManagerFactory for persistence unit 'default'
2020-06-06 10:39:24.844  INFO 7556 --- [task-2] o.s.b.d.a.OptionalLiveReloadServer       : LiveReload server is running on port 35729
2020-06-06 10:39:25.108  WARN 7556 --- [restartedMain] JpaBaseConfiguration$JpaWebConfiguration : spring.jpa.open-in-view is enabled by default. Therefore, database queries may be performed during view rendering. Explicitly configure spring.jpa.open-in-view to disable this warning
2020-06-06 10:39:25.970  INFO 7556 --- [restartedMain] o.s.b.a.e.web.EndpointLinksResolver      : Exposing 2 endpoint(s) beneath base path '/actuator'
2020-06-06 10:39:26.043  INFO 7556 --- [restartedMain] o.s.b.w.embedded.tomcat.TomcatWebServer  : Tomcat started on port(s): 8080 (http) with context path '/api'
2020-06-06 10:39:26.045  INFO 7556 --- [restartedMain] DeferredRepositoryInitializationListener : Triggering deferred initialization of Spring Data repositories…
2020-06-06 10:39:26.136  INFO 7556 --- [restartedMain] DeferredRepositoryInitializationListener : Spring Data repositories initialized!
2020-06-06 10:39:26.151  INFO 7556 --- [restartedMain] com.zjh.jobms.JobmsApplication           : Started JobmsApplication in 5.839 seconds (JVM running for 7.825)
2020-06-06 10:39:26.666  INFO 7556 --- [RMI TCP Connection(2)-127.0.0.1] o.a.c.c.C.[Tomcat].[localhost].[/api]    : Initializing Spring DispatcherServlet 'dispatcherServlet'
2020-06-06 10:39:26.667  INFO 7556 --- [RMI TCP Connection(2)-127.0.0.1] o.s.web.servlet.DispatcherServlet        : Initializing Servlet 'dispatcherServlet'
2020-06-06 10:39:26.882  INFO 7556 --- [RMI TCP Connection(2)-127.0.0.1] o.s.web.servlet.DispatcherServlet        : Completed initialization in 215 ms
2020-06-06 10:44:48.822  WARN 7556 --- [HikariPool-1 housekeeper] com.zaxxer.hikari.pool.HikariPool        : HikariPool-1 - Thread starvation or clock leap detected (housekeeper delta=55s315ms107µs271ns).
2020-06-06 10:44:48.891  INFO 7556 --- [SpringContextShutdownHook] j.LocalContainerEntityManagerFactoryBean : Closing JPA EntityManagerFactory for persistence unit 'default'
2020-06-06 10:44:48.894  INFO 7556 --- [SpringContextShutdownHook] o.s.s.concurrent.ThreadPoolTaskExecutor  : Shutting down ExecutorService 'applicationTaskExecutor'
2020-06-06 10:44:48.897  INFO 7556 --- [SpringContextShutdownHook] com.zaxxer.hikari.HikariDataSource       : HikariPool-1 - Shutdown initiated...
2020-06-06 10:44:48.902  INFO 7556 --- [SpringContextShutdownHook] com.zaxxer.hikari.HikariDataSource       : HikariPool-1 - Shutdown completed.
2020-06-06 10:46:16.094  INFO 8162 --- [restartedMain] com.zjh.jobms.JobmsApplication           : Starting JobmsApplication on zjh-Latitude-E5440 with PID 8162 (/home/zjh/workspace/github/zhaomsdemo/jobms/target/classes started by zjh in /home/zjh/workspace/github/zhaomsdemo/jobms)
2020-06-06 10:46:16.106  INFO 8162 --- [restartedMain] com.zjh.jobms.JobmsApplication           : The following profiles are active: dev
2020-06-06 10:46:16.288  INFO 8162 --- [restartedMain] .e.DevToolsPropertyDefaultsPostProcessor : Devtools property defaults active! Set 'spring.devtools.add-properties' to 'false' to disable
2020-06-06 10:46:16.289  INFO 8162 --- [restartedMain] .e.DevToolsPropertyDefaultsPostProcessor : For additional web related logging consider setting the 'logging.level.web' property to 'DEBUG'
2020-06-06 10:46:17.701  INFO 8162 --- [restartedMain] .s.d.r.c.RepositoryConfigurationDelegate : Bootstrapping Spring Data JPA repositories in DEFERRED mode.
2020-06-06 10:46:17.754  INFO 8162 --- [restartedMain] .s.d.r.c.RepositoryConfigurationDelegate : Finished Spring Data repository scanning in 44ms. Found 1 JPA repository interfaces.
2020-06-06 10:46:18.407  INFO 8162 --- [restartedMain] o.s.b.w.embedded.tomcat.TomcatWebServer  : Tomcat initialized with port(s): 8080 (http)
2020-06-06 10:46:18.415  INFO 8162 --- [restartedMain] o.apache.catalina.core.StandardService   : Starting service [Tomcat]
2020-06-06 10:46:18.416  INFO 8162 --- [restartedMain] org.apache.catalina.core.StandardEngine  : Starting Servlet engine: [Apache Tomcat/9.0.35]
2020-06-06 10:46:18.468  INFO 8162 --- [restartedMain] o.a.c.c.C.[Tomcat].[localhost].[/api]    : Initializing Spring embedded WebApplicationContext
2020-06-06 10:46:18.468  INFO 8162 --- [restartedMain] o.s.web.context.ContextLoader            : Root WebApplicationContext: initialization completed in 2178 ms
2020-06-06 10:46:18.740  INFO 8162 --- [restartedMain] com.zaxxer.hikari.HikariDataSource       : HikariPool-1 - Starting...
2020-06-06 10:46:18.774  INFO 8162 --- [restartedMain] com.zaxxer.hikari.HikariDataSource       : HikariPool-1 - Start completed.
2020-06-06 10:46:18.780  INFO 8162 --- [restartedMain] o.s.b.a.h2.H2ConsoleAutoConfiguration    : H2 console available at '/h2-console'. Database available at 'jdbc:mysql://localhost:3306/jobms?useUnicode=true&useJDBCCompliantTimezoneShift=true&useLegacyDatetimeCode=false&serverTimezone=UTC'
2020-06-06 10:46:18.969  INFO 8162 --- [restartedMain] o.s.s.concurrent.ThreadPoolTaskExecutor  : Initializing ExecutorService 'applicationTaskExecutor'
2020-06-06 10:46:19.008  INFO 8162 --- [task-1] o.hibernate.jpa.internal.util.LogHelper  : HHH000204: Processing PersistenceUnitInfo [name: default]
2020-06-06 10:46:19.053  INFO 8162 --- [task-1] org.hibernate.Version                    : HHH000412: Hibernate ORM core version 5.4.15.Final
2020-06-06 10:46:19.185  INFO 8162 --- [task-1] o.hibernate.annotations.common.Version   : HCANN000001: Hibernate Commons Annotations {5.1.0.Final}
2020-06-06 10:46:19.280  INFO 8162 --- [task-1] org.hibernate.dialect.Dialect            : HHH000400: Using dialect: org.hibernate.dialect.MariaDB102Dialect
2020-06-06 10:46:19.862  INFO 8162 --- [task-1] o.h.e.t.j.p.i.JtaPlatformInitiator       : HHH000490: Using JtaPlatform implementation: [org.hibernate.engine.transaction.jta.platform.internal.NoJtaPlatform]
2020-06-06 10:46:19.870  INFO 8162 --- [task-1] j.LocalContainerEntityManagerFactoryBean : Initialized JPA EntityManagerFactory for persistence unit 'default'
2020-06-06 10:46:20.111  INFO 8162 --- [task-2] o.s.b.d.a.OptionalLiveReloadServer       : LiveReload server is running on port 35729
2020-06-06 10:46:20.385  WARN 8162 --- [restartedMain] JpaBaseConfiguration$JpaWebConfiguration : spring.jpa.open-in-view is enabled by default. Therefore, database queries may be performed during view rendering. Explicitly configure spring.jpa.open-in-view to disable this warning
2020-06-06 10:46:21.188  INFO 8162 --- [restartedMain] o.s.b.a.e.web.EndpointLinksResolver      : Exposing 2 endpoint(s) beneath base path '/actuator'
2020-06-06 10:46:21.274  INFO 8162 --- [restartedMain] o.s.b.w.embedded.tomcat.TomcatWebServer  : Tomcat started on port(s): 8080 (http) with context path '/api'
2020-06-06 10:46:21.277  INFO 8162 --- [restartedMain] DeferredRepositoryInitializationListener : Triggering deferred initialization of Spring Data repositories…
2020-06-06 10:46:21.364  INFO 8162 --- [restartedMain] DeferredRepositoryInitializationListener : Spring Data repositories initialized!
2020-06-06 10:46:21.379  INFO 8162 --- [restartedMain] com.zjh.jobms.JobmsApplication           : Started JobmsApplication in 6.045 seconds (JVM running for 7.005)
2020-06-06 10:46:21.756  INFO 8162 --- [RMI TCP Connection(1)-127.0.0.1] o.a.c.c.C.[Tomcat].[localhost].[/api]    : Initializing Spring DispatcherServlet 'dispatcherServlet'
2020-06-06 10:46:21.756  INFO 8162 --- [RMI TCP Connection(1)-127.0.0.1] o.s.web.servlet.DispatcherServlet        : Initializing Servlet 'dispatcherServlet'
2020-06-06 10:46:21.949  INFO 8162 --- [RMI TCP Connection(1)-127.0.0.1] o.s.web.servlet.DispatcherServlet        : Completed initialization in 192 ms
2020-06-06 10:49:31.490  WARN 8162 --- [HikariPool-1 housekeeper] com.zaxxer.hikari.pool.HikariPool        : HikariPool-1 - Thread starvation or clock leap detected (housekeeper delta=3m12s613ms872µs280ns).
2020-06-06 10:49:31.543  INFO 8162 --- [SpringContextShutdownHook] j.LocalContainerEntityManagerFactoryBean : Closing JPA EntityManagerFactory for persistence unit 'default'
2020-06-06 10:49:31.545  INFO 8162 --- [SpringContextShutdownHook] o.s.s.concurrent.ThreadPoolTaskExecutor  : Shutting down ExecutorService 'applicationTaskExecutor'
2020-06-06 10:49:31.547  INFO 8162 --- [SpringContextShutdownHook] com.zaxxer.hikari.HikariDataSource       : HikariPool-1 - Shutdown initiated...
2020-06-06 10:49:31.554  INFO 8162 --- [SpringContextShutdownHook] com.zaxxer.hikari.HikariDataSource       : HikariPool-1 - Shutdown completed.
2020-06-06 10:57:11.942  INFO 9215 --- [restartedMain] com.zjh.jobms.JobmsApplication           : Starting JobmsApplication on zjh-Latitude-E5440 with PID 9215 (/home/zjh/workspace/github/zhaomsdemo/jobms/target/classes started by zjh in /home/zjh/workspace/github/zhaomsdemo/jobms)
2020-06-06 10:57:11.946  INFO 9215 --- [restartedMain] com.zjh.jobms.JobmsApplication           : The following profiles are active: dev
2020-06-06 10:57:12.132  INFO 9215 --- [restartedMain] .e.DevToolsPropertyDefaultsPostProcessor : Devtools property defaults active! Set 'spring.devtools.add-properties' to 'false' to disable
2020-06-06 10:57:12.132  INFO 9215 --- [restartedMain] .e.DevToolsPropertyDefaultsPostProcessor : For additional web related logging consider setting the 'logging.level.web' property to 'DEBUG'
2020-06-06 10:57:13.804  INFO 9215 --- [restartedMain] .s.d.r.c.RepositoryConfigurationDelegate : Bootstrapping Spring Data JPA repositories in DEFERRED mode.
2020-06-06 10:57:13.878  INFO 9215 --- [restartedMain] .s.d.r.c.RepositoryConfigurationDelegate : Finished Spring Data repository scanning in 63ms. Found 1 JPA repository interfaces.
2020-06-06 10:57:14.599  INFO 9215 --- [restartedMain] o.s.b.w.embedded.tomcat.TomcatWebServer  : Tomcat initialized with port(s): 8080 (http)
2020-06-06 10:57:14.607  INFO 9215 --- [restartedMain] o.apache.catalina.core.StandardService   : Starting service [Tomcat]
2020-06-06 10:57:14.607  INFO 9215 --- [restartedMain] org.apache.catalina.core.StandardEngine  : Starting Servlet engine: [Apache Tomcat/9.0.35]
2020-06-06 10:57:14.669  INFO 9215 --- [restartedMain] o.a.c.c.C.[Tomcat].[localhost].[/api]    : Initializing Spring embedded WebApplicationContext
2020-06-06 10:57:14.669  INFO 9215 --- [restartedMain] o.s.web.context.ContextLoader            : Root WebApplicationContext: initialization completed in 2537 ms
2020-06-06 10:57:14.994  INFO 9215 --- [restartedMain] com.zaxxer.hikari.HikariDataSource       : HikariPool-1 - Starting...
2020-06-06 10:57:15.051  INFO 9215 --- [restartedMain] com.zaxxer.hikari.HikariDataSource       : HikariPool-1 - Start completed.
2020-06-06 10:57:15.057  INFO 9215 --- [restartedMain] o.s.b.a.h2.H2ConsoleAutoConfiguration    : H2 console available at '/h2-console'. Database available at 'jdbc:mysql://localhost:3306/jobms?useUnicode=true&useJDBCCompliantTimezoneShift=true&useLegacyDatetimeCode=false&serverTimezone=UTC'
2020-06-06 10:57:15.262  INFO 9215 --- [restartedMain] o.s.s.concurrent.ThreadPoolTaskExecutor  : Initializing ExecutorService 'applicationTaskExecutor'
2020-06-06 10:57:15.304  INFO 9215 --- [task-1] o.hibernate.jpa.internal.util.LogHelper  : HHH000204: Processing PersistenceUnitInfo [name: default]
2020-06-06 10:57:15.347  INFO 9215 --- [task-1] org.hibernate.Version                    : HHH000412: Hibernate ORM core version 5.4.15.Final
2020-06-06 10:57:15.502  INFO 9215 --- [task-1] o.hibernate.annotations.common.Version   : HCANN000001: Hibernate Commons Annotations {5.1.0.Final}
2020-06-06 10:57:15.684  INFO 9215 --- [task-1] org.hibernate.dialect.Dialect            : HHH000400: Using dialect: org.hibernate.dialect.MariaDB102Dialect
2020-06-06 10:57:16.230  INFO 9215 --- [task-1] o.h.e.t.j.p.i.JtaPlatformInitiator       : HHH000490: Using JtaPlatform implementation: [org.hibernate.engine.transaction.jta.platform.internal.NoJtaPlatform]
2020-06-06 10:57:16.237  INFO 9215 --- [task-1] j.LocalContainerEntityManagerFactoryBean : Initialized JPA EntityManagerFactory for persistence unit 'default'
2020-06-06 10:57:16.474  INFO 9215 --- [task-2] o.s.b.d.a.OptionalLiveReloadServer       : LiveReload server is running on port 35729
2020-06-06 10:57:16.754  WARN 9215 --- [restartedMain] JpaBaseConfiguration$JpaWebConfiguration : spring.jpa.open-in-view is enabled by default. Therefore, database queries may be performed during view rendering. Explicitly configure spring.jpa.open-in-view to disable this warning
2020-06-06 10:57:17.708  INFO 9215 --- [restartedMain] o.s.b.a.e.web.EndpointLinksResolver      : Exposing 2 endpoint(s) beneath base path '/actuator'
2020-06-06 10:57:17.778  INFO 9215 --- [restartedMain] o.s.b.w.embedded.tomcat.TomcatWebServer  : Tomcat started on port(s): 8080 (http) with context path '/api'
2020-06-06 10:57:17.780  INFO 9215 --- [restartedMain] DeferredRepositoryInitializationListener : Triggering deferred initialization of Spring Data repositories…
2020-06-06 10:57:17.866  INFO 9215 --- [restartedMain] DeferredRepositoryInitializationListener : Spring Data repositories initialized!
2020-06-06 10:57:17.881  INFO 9215 --- [restartedMain] com.zjh.jobms.JobmsApplication           : Started JobmsApplication in 6.716 seconds (JVM running for 7.774)
2020-06-06 10:57:18.542  INFO 9215 --- [RMI TCP Connection(4)-127.0.0.1] o.a.c.c.C.[Tomcat].[localhost].[/api]    : Initializing Spring DispatcherServlet 'dispatcherServlet'
2020-06-06 10:57:18.543  INFO 9215 --- [RMI TCP Connection(4)-127.0.0.1] o.s.web.servlet.DispatcherServlet        : Initializing Servlet 'dispatcherServlet'
2020-06-06 10:57:18.617  INFO 9215 --- [RMI TCP Connection(4)-127.0.0.1] o.s.web.servlet.DispatcherServlet        : Completed initialization in 74 ms
2020-06-06 10:59:19.367  INFO 9215 --- [SpringContextShutdownHook] j.LocalContainerEntityManagerFactoryBean : Closing JPA EntityManagerFactory for persistence unit 'default'
2020-06-06 10:59:19.369  INFO 9215 --- [SpringContextShutdownHook] o.s.s.concurrent.ThreadPoolTaskExecutor  : Shutting down ExecutorService 'applicationTaskExecutor'
2020-06-06 10:59:19.371  INFO 9215 --- [SpringContextShutdownHook] com.zaxxer.hikari.HikariDataSource       : HikariPool-1 - Shutdown initiated...
2020-06-06 10:59:19.375  INFO 9215 --- [SpringContextShutdownHook] com.zaxxer.hikari.HikariDataSource       : HikariPool-1 - Shutdown completed.
2020-06-06 10:59:33.705  INFO 9766 --- [restartedMain] com.zjh.jobms.JobmsApplication           : Starting JobmsApplication on zjh-Latitude-E5440 with PID 9766 (/home/zjh/workspace/github/zhaomsdemo/jobms/target/classes started by zjh in /home/zjh/workspace/github/zhaomsdemo/jobms)
2020-06-06 10:59:33.709  INFO 9766 --- [restartedMain] com.zjh.jobms.JobmsApplication           : The following profiles are active: dev
2020-06-06 10:59:33.799  INFO 9766 --- [restartedMain] .e.DevToolsPropertyDefaultsPostProcessor : Devtools property defaults active! Set 'spring.devtools.add-properties' to 'false' to disable
2020-06-06 10:59:33.800  INFO 9766 --- [restartedMain] .e.DevToolsPropertyDefaultsPostProcessor : For additional web related logging consider setting the 'logging.level.web' property to 'DEBUG'
2020-06-06 10:59:35.115  INFO 9766 --- [restartedMain] .s.d.r.c.RepositoryConfigurationDelegate : Bootstrapping Spring Data JPA repositories in DEFERRED mode.
2020-06-06 10:59:35.167  INFO 9766 --- [restartedMain] .s.d.r.c.RepositoryConfigurationDelegate : Finished Spring Data repository scanning in 44ms. Found 1 JPA repository interfaces.
2020-06-06 10:59:35.811  INFO 9766 --- [restartedMain] o.s.b.w.embedded.tomcat.TomcatWebServer  : Tomcat initialized with port(s): 8080 (http)
2020-06-06 10:59:35.819  INFO 9766 --- [restartedMain] o.apache.catalina.core.StandardService   : Starting service [Tomcat]
2020-06-06 10:59:35.819  INFO 9766 --- [restartedMain] org.apache.catalina.core.StandardEngine  : Starting Servlet engine: [Apache Tomcat/9.0.35]
2020-06-06 10:59:35.873  INFO 9766 --- [restartedMain] o.a.c.c.C.[Tomcat].[localhost].[/api]    : Initializing Spring embedded WebApplicationContext
2020-06-06 10:59:35.873  INFO 9766 --- [restartedMain] o.s.web.context.ContextLoader            : Root WebApplicationContext: initialization completed in 2072 ms
2020-06-06 10:59:36.122  INFO 9766 --- [restartedMain] com.zaxxer.hikari.HikariDataSource       : HikariPool-1 - Starting...
2020-06-06 10:59:36.158  INFO 9766 --- [restartedMain] com.zaxxer.hikari.HikariDataSource       : HikariPool-1 - Start completed.
2020-06-06 10:59:36.163  INFO 9766 --- [restartedMain] o.s.b.a.h2.H2ConsoleAutoConfiguration    : H2 console available at '/h2-console'. Database available at 'jdbc:mysql://localhost:3306/jobms?useUnicode=true&useJDBCCompliantTimezoneShift=true&useLegacyDatetimeCode=false&serverTimezone=UTC'
2020-06-06 10:59:36.357  INFO 9766 --- [restartedMain] o.s.s.concurrent.ThreadPoolTaskExecutor  : Initializing ExecutorService 'applicationTaskExecutor'
2020-06-06 10:59:36.402  INFO 9766 --- [task-1] o.hibernate.jpa.internal.util.LogHelper  : HHH000204: Processing PersistenceUnitInfo [name: default]
2020-06-06 10:59:36.456  INFO 9766 --- [task-1] org.hibernate.Version                    : HHH000412: Hibernate ORM core version 5.4.15.Final
2020-06-06 10:59:36.576  INFO 9766 --- [task-1] o.hibernate.annotations.common.Version   : HCANN000001: Hibernate Commons Annotations {5.1.0.Final}
2020-06-06 10:59:36.668  INFO 9766 --- [task-1] org.hibernate.dialect.Dialect            : HHH000400: Using dialect: org.hibernate.dialect.MariaDB102Dialect
2020-06-06 10:59:37.220  INFO 9766 --- [task-1] o.h.e.t.j.p.i.JtaPlatformInitiator       : HHH000490: Using JtaPlatform implementation: [org.hibernate.engine.transaction.jta.platform.internal.NoJtaPlatform]
2020-06-06 10:59:37.227  INFO 9766 --- [task-1] j.LocalContainerEntityManagerFactoryBean : Initialized JPA EntityManagerFactory for persistence unit 'default'
2020-06-06 10:59:37.471  INFO 9766 --- [task-2] o.s.b.d.a.OptionalLiveReloadServer       : LiveReload server is running on port 35729
2020-06-06 10:59:37.777  WARN 9766 --- [restartedMain] JpaBaseConfiguration$JpaWebConfiguration : spring.jpa.open-in-view is enabled by default. Therefore, database queries may be performed during view rendering. Explicitly configure spring.jpa.open-in-view to disable this warning
2020-06-06 10:59:38.614  INFO 9766 --- [restartedMain] o.s.b.a.e.web.EndpointLinksResolver      : Exposing 2 endpoint(s) beneath base path '/actuator'
2020-06-06 10:59:38.693  INFO 9766 --- [restartedMain] o.s.b.w.embedded.tomcat.TomcatWebServer  : Tomcat started on port(s): 8080 (http) with context path '/api'
2020-06-06 10:59:38.694  INFO 9766 --- [restartedMain] DeferredRepositoryInitializationListener : Triggering deferred initialization of Spring Data repositories…
2020-06-06 10:59:38.778  INFO 9766 --- [restartedMain] DeferredRepositoryInitializationListener : Spring Data repositories initialized!
2020-06-06 10:59:38.795  INFO 9766 --- [restartedMain] com.zjh.jobms.JobmsApplication           : Started JobmsApplication in 5.807 seconds (JVM running for 6.693)
2020-06-06 10:59:39.350  INFO 9766 --- [RMI TCP Connection(6)-127.0.0.1] o.a.c.c.C.[Tomcat].[localhost].[/api]    : Initializing Spring DispatcherServlet 'dispatcherServlet'
2020-06-06 10:59:39.351  INFO 9766 --- [RMI TCP Connection(6)-127.0.0.1] o.s.web.servlet.DispatcherServlet        : Initializing Servlet 'dispatcherServlet'
2020-06-06 10:59:39.594  INFO 9766 --- [RMI TCP Connection(6)-127.0.0.1] o.s.web.servlet.DispatcherServlet        : Completed initialization in 243 ms
2020-06-06 11:01:55.162  WARN 9766 --- [HikariPool-1 housekeeper] com.zaxxer.hikari.pool.HikariPool        : HikariPool-1 - Thread starvation or clock leap detected (housekeeper delta=1m18s185ms506µs147ns).
2020-06-06 11:32:27.197  INFO 9766 --- [SpringContextShutdownHook] j.LocalContainerEntityManagerFactoryBean : Closing JPA EntityManagerFactory for persistence unit 'default'
2020-06-06 11:32:27.198  INFO 9766 --- [SpringContextShutdownHook] o.s.s.concurrent.ThreadPoolTaskExecutor  : Shutting down ExecutorService 'applicationTaskExecutor'
2020-06-06 11:32:27.200  INFO 9766 --- [SpringContextShutdownHook] com.zaxxer.hikari.HikariDataSource       : HikariPool-1 - Shutdown initiated...
2020-06-06 11:32:27.203  INFO 9766 --- [SpringContextShutdownHook] com.zaxxer.hikari.HikariDataSource       : HikariPool-1 - Shutdown completed.
2020-06-06 12:33:39.734  INFO 13898 --- [restartedMain] com.zjh.jobms.JobmsApplication           : Starting JobmsApplication on zjh-Latitude-E5440 with PID 13898 (/home/zjh/workspace/github/zhaomsdemo/jobms/target/classes started by zjh in /home/zjh/workspace/github/zhaomsdemo/jobms)
2020-06-06 12:33:39.738  INFO 13898 --- [restartedMain] com.zjh.jobms.JobmsApplication           : The following profiles are active: dev
2020-06-06 12:33:39.881  INFO 13898 --- [restartedMain] .e.DevToolsPropertyDefaultsPostProcessor : Devtools property defaults active! Set 'spring.devtools.add-properties' to 'false' to disable
2020-06-06 12:33:39.881  INFO 13898 --- [restartedMain] .e.DevToolsPropertyDefaultsPostProcessor : For additional web related logging consider setting the 'logging.level.web' property to 'DEBUG'
2020-06-06 12:33:41.289  INFO 13898 --- [restartedMain] .s.d.r.c.RepositoryConfigurationDelegate : Bootstrapping Spring Data JPA repositories in DEFERRED mode.
2020-06-06 12:33:41.340  INFO 13898 --- [restartedMain] .s.d.r.c.RepositoryConfigurationDelegate : Finished Spring Data repository scanning in 43ms. Found 1 JPA repository interfaces.
2020-06-06 12:33:41.962  INFO 13898 --- [restartedMain] o.s.b.w.embedded.tomcat.TomcatWebServer  : Tomcat initialized with port(s): 8080 (http)
2020-06-06 12:33:41.969  INFO 13898 --- [restartedMain] o.apache.catalina.core.StandardService   : Starting service [Tomcat]
2020-06-06 12:33:41.970  INFO 13898 --- [restartedMain] org.apache.catalina.core.StandardEngine  : Starting Servlet engine: [Apache Tomcat/9.0.35]
2020-06-06 12:33:42.026  INFO 13898 --- [restartedMain] o.a.c.c.C.[Tomcat].[localhost].[/api]    : Initializing Spring embedded WebApplicationContext
2020-06-06 12:33:42.026  INFO 13898 --- [restartedMain] o.s.web.context.ContextLoader            : Root WebApplicationContext: initialization completed in 2144 ms
2020-06-06 12:33:42.272  INFO 13898 --- [restartedMain] com.zaxxer.hikari.HikariDataSource       : HikariPool-1 - Starting...
2020-06-06 12:33:42.307  INFO 13898 --- [restartedMain] com.zaxxer.hikari.HikariDataSource       : HikariPool-1 - Start completed.
2020-06-06 12:33:42.313  INFO 13898 --- [restartedMain] o.s.b.a.h2.H2ConsoleAutoConfiguration    : H2 console available at '/h2-console'. Database available at 'jdbc:mysql://localhost:3306/jobms?useUnicode=true&useJDBCCompliantTimezoneShift=true&useLegacyDatetimeCode=false&serverTimezone=UTC'
2020-06-06 12:33:42.499  INFO 13898 --- [restartedMain] o.s.s.concurrent.ThreadPoolTaskExecutor  : Initializing ExecutorService 'applicationTaskExecutor'
2020-06-06 12:33:42.538  INFO 13898 --- [task-1] o.hibernate.jpa.internal.util.LogHelper  : HHH000204: Processing PersistenceUnitInfo [name: default]
2020-06-06 12:33:42.585  INFO 13898 --- [task-1] org.hibernate.Version                    : HHH000412: Hibernate ORM core version 5.4.15.Final
2020-06-06 12:33:42.704  INFO 13898 --- [task-1] o.hibernate.annotations.common.Version   : HCANN000001: Hibernate Commons Annotations {5.1.0.Final}
2020-06-06 12:33:42.827  INFO 13898 --- [task-1] org.hibernate.dialect.Dialect            : HHH000400: Using dialect: org.hibernate.dialect.MariaDB102Dialect
2020-06-06 12:33:43.367  INFO 13898 --- [task-1] o.h.e.t.j.p.i.JtaPlatformInitiator       : HHH000490: Using JtaPlatform implementation: [org.hibernate.engine.transaction.jta.platform.internal.NoJtaPlatform]
2020-06-06 12:33:43.375  INFO 13898 --- [task-1] j.LocalContainerEntityManagerFactoryBean : Initialized JPA EntityManagerFactory for persistence unit 'default'
2020-06-06 12:33:43.627  INFO 13898 --- [task-2] o.s.b.d.a.OptionalLiveReloadServer       : LiveReload server is running on port 35729
2020-06-06 12:33:43.884  WARN 13898 --- [restartedMain] JpaBaseConfiguration$JpaWebConfiguration : spring.jpa.open-in-view is enabled by default. Therefore, database queries may be performed during view rendering. Explicitly configure spring.jpa.open-in-view to disable this warning
2020-06-06 12:33:44.717  INFO 13898 --- [restartedMain] o.s.b.a.e.web.EndpointLinksResolver      : Exposing 2 endpoint(s) beneath base path '/actuator'
2020-06-06 12:33:44.784  INFO 13898 --- [restartedMain] o.s.b.w.embedded.tomcat.TomcatWebServer  : Tomcat started on port(s): 8080 (http) with context path '/api'
2020-06-06 12:33:44.786  INFO 13898 --- [restartedMain] DeferredRepositoryInitializationListener : Triggering deferred initialization of Spring Data repositories…
2020-06-06 12:33:44.865  INFO 13898 --- [restartedMain] DeferredRepositoryInitializationListener : Spring Data repositories initialized!
2020-06-06 12:33:44.879  INFO 13898 --- [restartedMain] com.zjh.jobms.JobmsApplication           : Started JobmsApplication in 5.925 seconds (JVM running for 6.887)
2020-06-06 12:33:45.301  INFO 13898 --- [RMI TCP Connection(1)-127.0.0.1] o.a.c.c.C.[Tomcat].[localhost].[/api]    : Initializing Spring DispatcherServlet 'dispatcherServlet'
2020-06-06 12:33:45.302  INFO 13898 --- [RMI TCP Connection(1)-127.0.0.1] o.s.web.servlet.DispatcherServlet        : Initializing Servlet 'dispatcherServlet'
2020-06-06 12:33:45.505  INFO 13898 --- [RMI TCP Connection(1)-127.0.0.1] o.s.web.servlet.DispatcherServlet        : Completed initialization in 203 ms
2020-06-06 12:34:33.286  INFO 13898 --- [SpringContextShutdownHook] j.LocalContainerEntityManagerFactoryBean : Closing JPA EntityManagerFactory for persistence unit 'default'
2020-06-06 12:34:33.288  INFO 13898 --- [SpringContextShutdownHook] o.s.s.concurrent.ThreadPoolTaskExecutor  : Shutting down ExecutorService 'applicationTaskExecutor'
2020-06-06 12:34:33.291  INFO 13898 --- [SpringContextShutdownHook] com.zaxxer.hikari.HikariDataSource       : HikariPool-1 - Shutdown initiated...
2020-06-06 12:34:33.294  INFO 13898 --- [SpringContextShutdownHook] com.zaxxer.hikari.HikariDataSource       : HikariPool-1 - Shutdown completed.
2020-06-06 12:35:47.029  INFO 14534 --- [restartedMain] com.zjh.jobms.JobmsApplication           : Starting JobmsApplication on zjh-Latitude-E5440 with PID 14534 (/home/zjh/workspace/github/zhaomsdemo/jobms/target/classes started by zjh in /home/zjh/workspace/github/zhaomsdemo/jobms)
2020-06-06 12:35:47.034  INFO 14534 --- [restartedMain] com.zjh.jobms.JobmsApplication           : The following profiles are active: dev
2020-06-06 12:35:47.171  INFO 14534 --- [restartedMain] .e.DevToolsPropertyDefaultsPostProcessor : Devtools property defaults active! Set 'spring.devtools.add-properties' to 'false' to disable
2020-06-06 12:35:47.172  INFO 14534 --- [restartedMain] .e.DevToolsPropertyDefaultsPostProcessor : For additional web related logging consider setting the 'logging.level.web' property to 'DEBUG'
2020-06-06 12:35:48.382  INFO 14534 --- [restartedMain] .s.d.r.c.RepositoryConfigurationDelegate : Bootstrapping Spring Data JPA repositories in DEFERRED mode.
2020-06-06 12:35:48.432  INFO 14534 --- [restartedMain] .s.d.r.c.RepositoryConfigurationDelegate : Finished Spring Data repository scanning in 43ms. Found 1 JPA repository interfaces.
2020-06-06 12:35:49.142  INFO 14534 --- [restartedMain] o.s.b.w.embedded.tomcat.TomcatWebServer  : Tomcat initialized with port(s): 8080 (http)
2020-06-06 12:35:49.152  INFO 14534 --- [restartedMain] o.apache.catalina.core.StandardService   : Starting service [Tomcat]
2020-06-06 12:35:49.152  INFO 14534 --- [restartedMain] org.apache.catalina.core.StandardEngine  : Starting Servlet engine: [Apache Tomcat/9.0.35]
2020-06-06 12:35:49.221  INFO 14534 --- [restartedMain] o.a.c.c.C.[Tomcat].[localhost].[/api]    : Initializing Spring embedded WebApplicationContext
2020-06-06 12:35:49.222  INFO 14534 --- [restartedMain] o.s.web.context.ContextLoader            : Root WebApplicationContext: initialization completed in 2050 ms
2020-06-06 12:35:49.510  INFO 14534 --- [restartedMain] com.zaxxer.hikari.HikariDataSource       : HikariPool-1 - Starting...
2020-06-06 12:35:49.547  INFO 14534 --- [restartedMain] com.zaxxer.hikari.HikariDataSource       : HikariPool-1 - Start completed.
2020-06-06 12:35:49.553  INFO 14534 --- [restartedMain] o.s.b.a.h2.H2ConsoleAutoConfiguration    : H2 console available at '/h2-console'. Database available at 'jdbc:mysql://localhost:3306/jobms?useUnicode=true&useJDBCCompliantTimezoneShift=true&useLegacyDatetimeCode=false&serverTimezone=UTC'
2020-06-06 12:35:49.734  INFO 14534 --- [restartedMain] o.s.s.concurrent.ThreadPoolTaskExecutor  : Initializing ExecutorService 'applicationTaskExecutor'
2020-06-06 12:35:49.776  INFO 14534 --- [task-1] o.hibernate.jpa.internal.util.LogHelper  : HHH000204: Processing PersistenceUnitInfo [name: default]
2020-06-06 12:35:49.827  INFO 14534 --- [task-1] org.hibernate.Version                    : HHH000412: Hibernate ORM core version 5.4.15.Final
2020-06-06 12:35:49.968  INFO 14534 --- [task-1] o.hibernate.annotations.common.Version   : HCANN000001: Hibernate Commons Annotations {5.1.0.Final}
2020-06-06 12:35:50.071  INFO 14534 --- [task-1] org.hibernate.dialect.Dialect            : HHH000400: Using dialect: org.hibernate.dialect.MariaDB102Dialect
2020-06-06 12:35:50.558  INFO 14534 --- [task-1] o.h.e.t.j.p.i.JtaPlatformInitiator       : HHH000490: Using JtaPlatform implementation: [org.hibernate.engine.transaction.jta.platform.internal.NoJtaPlatform]
2020-06-06 12:35:50.564  INFO 14534 --- [task-1] j.LocalContainerEntityManagerFactoryBean : Initialized JPA EntityManagerFactory for persistence unit 'default'
2020-06-06 12:35:50.779  INFO 14534 --- [task-2] o.s.b.d.a.OptionalLiveReloadServer       : LiveReload server is running on port 35729
2020-06-06 12:35:51.042  WARN 14534 --- [restartedMain] JpaBaseConfiguration$JpaWebConfiguration : spring.jpa.open-in-view is enabled by default. Therefore, database queries may be performed during view rendering. Explicitly configure spring.jpa.open-in-view to disable this warning
2020-06-06 12:35:51.815  INFO 14534 --- [restartedMain] o.s.b.a.e.web.EndpointLinksResolver      : Exposing 2 endpoint(s) beneath base path '/actuator'
2020-06-06 12:35:51.881  INFO 14534 --- [restartedMain] o.s.b.w.embedded.tomcat.TomcatWebServer  : Tomcat started on port(s): 8080 (http) with context path '/api'
2020-06-06 12:35:51.883  INFO 14534 --- [restartedMain] DeferredRepositoryInitializationListener : Triggering deferred initialization of Spring Data repositories…
2020-06-06 12:35:51.960  INFO 14534 --- [restartedMain] DeferredRepositoryInitializationListener : Spring Data repositories initialized!
2020-06-06 12:35:51.974  INFO 14534 --- [restartedMain] com.zjh.jobms.JobmsApplication           : Started JobmsApplication in 5.912 seconds (JVM running for 6.781)
2020-06-06 12:35:52.460  INFO 14534 --- [RMI TCP Connection(2)-127.0.0.1] o.a.c.c.C.[Tomcat].[localhost].[/api]    : Initializing Spring DispatcherServlet 'dispatcherServlet'
2020-06-06 12:35:52.461  INFO 14534 --- [RMI TCP Connection(2)-127.0.0.1] o.s.web.servlet.DispatcherServlet        : Initializing Servlet 'dispatcherServlet'
2020-06-06 12:35:52.653  INFO 14534 --- [RMI TCP Connection(2)-127.0.0.1] o.s.web.servlet.DispatcherServlet        : Completed initialization in 192 ms
2020-06-06 12:37:07.064  INFO 14534 --- [SpringContextShutdownHook] j.LocalContainerEntityManagerFactoryBean : Closing JPA EntityManagerFactory for persistence unit 'default'
2020-06-06 12:37:07.066  INFO 14534 --- [SpringContextShutdownHook] o.s.s.concurrent.ThreadPoolTaskExecutor  : Shutting down ExecutorService 'applicationTaskExecutor'
2020-06-06 12:37:07.067  INFO 14534 --- [SpringContextShutdownHook] com.zaxxer.hikari.HikariDataSource       : HikariPool-1 - Shutdown initiated...
2020-06-06 12:37:07.070  INFO 14534 --- [SpringContextShutdownHook] com.zaxxer.hikari.HikariDataSource       : HikariPool-1 - Shutdown completed.
2020-06-06 12:46:06.844  INFO 15295 --- [restartedMain] com.zjh.jobms.JobmsApplication           : Starting JobmsApplication on zjh-Latitude-E5440 with PID 15295 (/home/zjh/workspace/github/zhaomsdemo/jobms/target/classes started by zjh in /home/zjh/workspace/github/zhaomsdemo/jobms)
2020-06-06 12:46:06.849  INFO 15295 --- [restartedMain] com.zjh.jobms.JobmsApplication           : The following profiles are active: dev
2020-06-06 12:46:06.964  INFO 15295 --- [restartedMain] .e.DevToolsPropertyDefaultsPostProcessor : Devtools property defaults active! Set 'spring.devtools.add-properties' to 'false' to disable
2020-06-06 12:46:06.964  INFO 15295 --- [restartedMain] .e.DevToolsPropertyDefaultsPostProcessor : For additional web related logging consider setting the 'logging.level.web' property to 'DEBUG'
2020-06-06 12:46:08.268  INFO 15295 --- [restartedMain] .s.d.r.c.RepositoryConfigurationDelegate : Bootstrapping Spring Data JPA repositories in DEFERRED mode.
2020-06-06 12:46:08.321  INFO 15295 --- [restartedMain] .s.d.r.c.RepositoryConfigurationDelegate : Finished Spring Data repository scanning in 45ms. Found 1 JPA repository interfaces.
2020-06-06 12:46:08.966  INFO 15295 --- [restartedMain] o.s.b.w.embedded.tomcat.TomcatWebServer  : Tomcat initialized with port(s): 8080 (http)
2020-06-06 12:46:08.975  INFO 15295 --- [restartedMain] o.apache.catalina.core.StandardService   : Starting service [Tomcat]
2020-06-06 12:46:08.975  INFO 15295 --- [restartedMain] org.apache.catalina.core.StandardEngine  : Starting Servlet engine: [Apache Tomcat/9.0.35]
2020-06-06 12:46:09.058  INFO 15295 --- [restartedMain] o.a.c.c.C.[Tomcat].[localhost].[/api]    : Initializing Spring embedded WebApplicationContext
2020-06-06 12:46:09.059  INFO 15295 --- [restartedMain] o.s.web.context.ContextLoader            : Root WebApplicationContext: initialization completed in 2094 ms
2020-06-06 12:46:09.314  INFO 15295 --- [restartedMain] com.zaxxer.hikari.HikariDataSource       : HikariPool-1 - Starting...
2020-06-06 12:46:09.356  INFO 15295 --- [restartedMain] com.zaxxer.hikari.HikariDataSource       : HikariPool-1 - Start completed.
2020-06-06 12:46:09.361  INFO 15295 --- [restartedMain] o.s.b.a.h2.H2ConsoleAutoConfiguration    : H2 console available at '/h2-console'. Database available at 'jdbc:mysql://localhost:3306/jobms?useUnicode=true&useJDBCCompliantTimezoneShift=true&useLegacyDatetimeCode=false&serverTimezone=UTC'
2020-06-06 12:46:09.570  INFO 15295 --- [restartedMain] o.s.s.concurrent.ThreadPoolTaskExecutor  : Initializing ExecutorService 'applicationTaskExecutor'
2020-06-06 12:46:09.613  INFO 15295 --- [task-1] o.hibernate.jpa.internal.util.LogHelper  : HHH000204: Processing PersistenceUnitInfo [name: default]
2020-06-06 12:46:09.655  INFO 15295 --- [task-1] org.hibernate.Version                    : HHH000412: Hibernate ORM core version 5.4.15.Final
2020-06-06 12:46:09.780  INFO 15295 --- [task-1] o.hibernate.annotations.common.Version   : HCANN000001: Hibernate Commons Annotations {5.1.0.Final}
2020-06-06 12:46:09.887  INFO 15295 --- [task-1] org.hibernate.dialect.Dialect            : HHH000400: Using dialect: org.hibernate.dialect.MariaDB102Dialect
2020-06-06 12:46:10.405  INFO 15295 --- [task-1] o.h.e.t.j.p.i.JtaPlatformInitiator       : HHH000490: Using JtaPlatform implementation: [org.hibernate.engine.transaction.jta.platform.internal.NoJtaPlatform]
2020-06-06 12:46:10.412  INFO 15295 --- [task-1] j.LocalContainerEntityManagerFactoryBean : Initialized JPA EntityManagerFactory for persistence unit 'default'
2020-06-06 12:46:10.633  INFO 15295 --- [task-2] o.s.b.d.a.OptionalLiveReloadServer       : LiveReload server is running on port 35729
2020-06-06 12:46:10.876  WARN 15295 --- [restartedMain] JpaBaseConfiguration$JpaWebConfiguration : spring.jpa.open-in-view is enabled by default. Therefore, database queries may be performed during view rendering. Explicitly configure spring.jpa.open-in-view to disable this warning
2020-06-06 12:46:11.856  INFO 15295 --- [restartedMain] o.s.b.a.e.web.EndpointLinksResolver      : Exposing 2 endpoint(s) beneath base path '/actuator'
2020-06-06 12:46:11.935  INFO 15295 --- [restartedMain] o.s.b.w.embedded.tomcat.TomcatWebServer  : Tomcat started on port(s): 8080 (http) with context path '/api'
2020-06-06 12:46:11.938  INFO 15295 --- [restartedMain] DeferredRepositoryInitializationListener : Triggering deferred initialization of Spring Data repositories…
2020-06-06 12:46:12.046  INFO 15295 --- [restartedMain] DeferredRepositoryInitializationListener : Spring Data repositories initialized!
2020-06-06 12:46:12.066  INFO 15295 --- [restartedMain] com.zjh.jobms.JobmsApplication           : Started JobmsApplication in 6.401 seconds (JVM running for 7.543)
2020-06-06 12:46:12.394  INFO 15295 --- [RMI TCP Connection(4)-127.0.0.1] o.a.c.c.C.[Tomcat].[localhost].[/api]    : Initializing Spring DispatcherServlet 'dispatcherServlet'
2020-06-06 12:46:12.395  INFO 15295 --- [RMI TCP Connection(4)-127.0.0.1] o.s.web.servlet.DispatcherServlet        : Initializing Servlet 'dispatcherServlet'
2020-06-06 12:46:12.640  INFO 15295 --- [RMI TCP Connection(4)-127.0.0.1] o.s.web.servlet.DispatcherServlet        : Completed initialization in 245 ms
2020-06-06 12:46:37.721  INFO 15295 --- [SpringContextShutdownHook] j.LocalContainerEntityManagerFactoryBean : Closing JPA EntityManagerFactory for persistence unit 'default'
2020-06-06 12:46:37.724  INFO 15295 --- [SpringContextShutdownHook] o.s.s.concurrent.ThreadPoolTaskExecutor  : Shutting down ExecutorService 'applicationTaskExecutor'
2020-06-06 12:46:37.726  INFO 15295 --- [SpringContextShutdownHook] com.zaxxer.hikari.HikariDataSource       : HikariPool-1 - Shutdown initiated...
2020-06-06 12:46:37.729  INFO 15295 --- [SpringContextShutdownHook] com.zaxxer.hikari.HikariDataSource       : HikariPool-1 - Shutdown completed.
2020-06-06 13:40:15.918  INFO 17004 --- [restartedMain] com.zjh.jobms.JobmsApplication           : Starting JobmsApplication on zjh-Latitude-E5440 with PID 17004 (/home/zjh/workspace/github/zhaomsdemo/jobms/target/classes started by zjh in /home/zjh/workspace/github/zhaomsdemo/jobms)
2020-06-06 13:40:15.920  INFO 17004 --- [restartedMain] com.zjh.jobms.JobmsApplication           : The following profiles are active: dev
2020-06-06 13:40:16.038  INFO 17004 --- [restartedMain] .e.DevToolsPropertyDefaultsPostProcessor : Devtools property defaults active! Set 'spring.devtools.add-properties' to 'false' to disable
2020-06-06 13:40:16.038  INFO 17004 --- [restartedMain] .e.DevToolsPropertyDefaultsPostProcessor : For additional web related logging consider setting the 'logging.level.web' property to 'DEBUG'
2020-06-06 13:40:17.439  INFO 17004 --- [restartedMain] .s.d.r.c.RepositoryConfigurationDelegate : Bootstrapping Spring Data JPA repositories in DEFERRED mode.
2020-06-06 13:40:17.490  INFO 17004 --- [restartedMain] .s.d.r.c.RepositoryConfigurationDelegate : Finished Spring Data repository scanning in 44ms. Found 1 JPA repository interfaces.
2020-06-06 13:40:18.157  INFO 17004 --- [restartedMain] o.s.b.w.embedded.tomcat.TomcatWebServer  : Tomcat initialized with port(s): 8080 (http)
2020-06-06 13:40:18.165  INFO 17004 --- [restartedMain] o.apache.catalina.core.StandardService   : Starting service [Tomcat]
2020-06-06 13:40:18.165  INFO 17004 --- [restartedMain] org.apache.catalina.core.StandardEngine  : Starting Servlet engine: [Apache Tomcat/9.0.35]
2020-06-06 13:40:18.218  INFO 17004 --- [restartedMain] o.a.c.c.C.[Tomcat].[localhost].[/api]    : Initializing Spring embedded WebApplicationContext
2020-06-06 13:40:18.219  INFO 17004 --- [restartedMain] o.s.web.context.ContextLoader            : Root WebApplicationContext: initialization completed in 2181 ms
2020-06-06 13:40:18.465  INFO 17004 --- [restartedMain] com.zaxxer.hikari.HikariDataSource       : HikariPool-1 - Starting...
2020-06-06 13:40:18.501  INFO 17004 --- [restartedMain] com.zaxxer.hikari.HikariDataSource       : HikariPool-1 - Start completed.
2020-06-06 13:40:18.507  INFO 17004 --- [restartedMain] o.s.b.a.h2.H2ConsoleAutoConfiguration    : H2 console available at '/h2-console'. Database available at 'jdbc:mysql://localhost:3306/jobms?useUnicode=true&useJDBCCompliantTimezoneShift=true&useLegacyDatetimeCode=false&serverTimezone=UTC'
2020-06-06 13:40:18.694  INFO 17004 --- [restartedMain] o.s.s.concurrent.ThreadPoolTaskExecutor  : Initializing ExecutorService 'applicationTaskExecutor'
2020-06-06 13:40:18.734  INFO 17004 --- [task-1] o.hibernate.jpa.internal.util.LogHelper  : HHH000204: Processing PersistenceUnitInfo [name: default]
2020-06-06 13:40:18.775  INFO 17004 --- [task-1] org.hibernate.Version                    : HHH000412: Hibernate ORM core version 5.4.15.Final
2020-06-06 13:40:18.900  INFO 17004 --- [task-1] o.hibernate.annotations.common.Version   : HCANN000001: Hibernate Commons Annotations {5.1.0.Final}
2020-06-06 13:40:19.035  INFO 17004 --- [task-1] org.hibernate.dialect.Dialect            : HHH000400: Using dialect: org.hibernate.dialect.MariaDB102Dialect
2020-06-06 13:40:19.760  INFO 17004 --- [task-1] o.h.e.t.j.p.i.JtaPlatformInitiator       : HHH000490: Using JtaPlatform implementation: [org.hibernate.engine.transaction.jta.platform.internal.NoJtaPlatform]
2020-06-06 13:40:19.773  INFO 17004 --- [task-1] j.LocalContainerEntityManagerFactoryBean : Initialized JPA EntityManagerFactory for persistence unit 'default'
2020-06-06 13:40:20.386  INFO 17004 --- [task-2] o.s.b.d.a.OptionalLiveReloadServer       : LiveReload server is running on port 35729
2020-06-06 13:40:20.662  WARN 17004 --- [restartedMain] JpaBaseConfiguration$JpaWebConfiguration : spring.jpa.open-in-view is enabled by default. Therefore, database queries may be performed during view rendering. Explicitly configure spring.jpa.open-in-view to disable this warning
2020-06-06 13:40:21.416  INFO 17004 --- [restartedMain] o.s.b.a.e.web.EndpointLinksResolver      : Exposing 2 endpoint(s) beneath base path '/actuator'
2020-06-06 13:40:21.479  INFO 17004 --- [restartedMain] o.s.b.w.embedded.tomcat.TomcatWebServer  : Tomcat started on port(s): 8080 (http) with context path '/api'
2020-06-06 13:40:21.481  INFO 17004 --- [restartedMain] DeferredRepositoryInitializationListener : Triggering deferred initialization of Spring Data repositories…
2020-06-06 13:40:21.558  INFO 17004 --- [restartedMain] DeferredRepositoryInitializationListener : Spring Data repositories initialized!
2020-06-06 13:40:21.572  INFO 17004 --- [restartedMain] com.zjh.jobms.JobmsApplication           : Started JobmsApplication in 6.479 seconds (JVM running for 7.463)
2020-06-06 13:40:21.647  INFO 17004 --- [RMI TCP Connection(6)-127.0.0.1] o.a.c.c.C.[Tomcat].[localhost].[/api]    : Initializing Spring DispatcherServlet 'dispatcherServlet'
2020-06-06 13:40:21.647  INFO 17004 --- [RMI TCP Connection(6)-127.0.0.1] o.s.web.servlet.DispatcherServlet        : Initializing Servlet 'dispatcherServlet'
2020-06-06 13:40:21.843  INFO 17004 --- [RMI TCP Connection(6)-127.0.0.1] o.s.web.servlet.DispatcherServlet        : Completed initialization in 195 ms
2020-06-06 13:47:06.417  INFO 17004 --- [SpringContextShutdownHook] j.LocalContainerEntityManagerFactoryBean : Closing JPA EntityManagerFactory for persistence unit 'default'
2020-06-06 13:47:06.419  INFO 17004 --- [SpringContextShutdownHook] o.s.s.concurrent.ThreadPoolTaskExecutor  : Shutting down ExecutorService 'applicationTaskExecutor'
2020-06-06 13:47:06.421  INFO 17004 --- [SpringContextShutdownHook] com.zaxxer.hikari.HikariDataSource       : HikariPool-1 - Shutdown initiated...
2020-06-06 13:47:06.423  INFO 17004 --- [SpringContextShutdownHook] com.zaxxer.hikari.HikariDataSource       : HikariPool-1 - Shutdown completed.
2020-06-06 13:48:01.766  INFO 18581 --- [restartedMain] com.zjh.jobms.JobmsApplication           : Starting JobmsApplication on zjh-Latitude-E5440 with PID 18581 (/home/zjh/workspace/github/zhaomsdemo/jobms/target/classes started by zjh in /home/zjh/workspace/github/zhaomsdemo/jobms)
2020-06-06 13:48:01.771  INFO 18581 --- [restartedMain] com.zjh.jobms.JobmsApplication           : The following profiles are active: dev
2020-06-06 13:48:01.934  INFO 18581 --- [restartedMain] .e.DevToolsPropertyDefaultsPostProcessor : Devtools property defaults active! Set 'spring.devtools.add-properties' to 'false' to disable
2020-06-06 13:48:01.935  INFO 18581 --- [restartedMain] .e.DevToolsPropertyDefaultsPostProcessor : For additional web related logging consider setting the 'logging.level.web' property to 'DEBUG'
2020-06-06 13:48:03.407  INFO 18581 --- [restartedMain] .s.d.r.c.RepositoryConfigurationDelegate : Bootstrapping Spring Data JPA repositories in DEFERRED mode.
2020-06-06 13:48:03.459  INFO 18581 --- [restartedMain] .s.d.r.c.RepositoryConfigurationDelegate : Finished Spring Data repository scanning in 45ms. Found 1 JPA repository interfaces.
2020-06-06 13:48:04.212  INFO 18581 --- [restartedMain] o.s.b.w.embedded.tomcat.TomcatWebServer  : Tomcat initialized with port(s): 8080 (http)
2020-06-06 13:48:04.220  INFO 18581 --- [restartedMain] o.apache.catalina.core.StandardService   : Starting service [Tomcat]
2020-06-06 13:48:04.221  INFO 18581 --- [restartedMain] org.apache.catalina.core.StandardEngine  : Starting Servlet engine: [Apache Tomcat/9.0.35]
2020-06-06 13:48:04.281  INFO 18581 --- [restartedMain] o.a.c.c.C.[Tomcat].[localhost].[/api]    : Initializing Spring embedded WebApplicationContext
2020-06-06 13:48:04.281  INFO 18581 --- [restartedMain] o.s.web.context.ContextLoader            : Root WebApplicationContext: initialization completed in 2346 ms
2020-06-06 13:48:04.578  INFO 18581 --- [restartedMain] com.zaxxer.hikari.HikariDataSource       : HikariPool-1 - Starting...
2020-06-06 13:48:04.616  INFO 18581 --- [restartedMain] com.zaxxer.hikari.HikariDataSource       : HikariPool-1 - Start completed.
2020-06-06 13:48:04.622  INFO 18581 --- [restartedMain] o.s.b.a.h2.H2ConsoleAutoConfiguration    : H2 console available at '/h2-console'. Database available at 'jdbc:mysql://localhost:3306/jobms?useUnicode=true&useJDBCCompliantTimezoneShift=true&useLegacyDatetimeCode=false&serverTimezone=UTC'
2020-06-06 13:48:04.822  INFO 18581 --- [restartedMain] o.s.s.concurrent.ThreadPoolTaskExecutor  : Initializing ExecutorService 'applicationTaskExecutor'
2020-06-06 13:48:04.871  INFO 18581 --- [task-1] o.hibernate.jpa.internal.util.LogHelper  : HHH000204: Processing PersistenceUnitInfo [name: default]
2020-06-06 13:48:04.920  INFO 18581 --- [task-1] org.hibernate.Version                    : HHH000412: Hibernate ORM core version 5.4.15.Final
2020-06-06 13:48:05.042  INFO 18581 --- [task-1] o.hibernate.annotations.common.Version   : HCANN000001: Hibernate Commons Annotations {5.1.0.Final}
2020-06-06 13:48:05.146  INFO 18581 --- [task-1] org.hibernate.dialect.Dialect            : HHH000400: Using dialect: org.hibernate.dialect.MariaDB102Dialect
2020-06-06 13:48:05.687  INFO 18581 --- [task-1] o.h.e.t.j.p.i.JtaPlatformInitiator       : HHH000490: Using JtaPlatform implementation: [org.hibernate.engine.transaction.jta.platform.internal.NoJtaPlatform]
2020-06-06 13:48:05.694  INFO 18581 --- [task-1] j.LocalContainerEntityManagerFactoryBean : Initialized JPA EntityManagerFactory for persistence unit 'default'
2020-06-06 13:48:05.923  INFO 18581 --- [task-2] o.s.b.d.a.OptionalLiveReloadServer       : LiveReload server is running on port 35729
2020-06-06 13:48:06.177  WARN 18581 --- [restartedMain] JpaBaseConfiguration$JpaWebConfiguration : spring.jpa.open-in-view is enabled by default. Therefore, database queries may be performed during view rendering. Explicitly configure spring.jpa.open-in-view to disable this warning
2020-06-06 13:48:07.047  INFO 18581 --- [restartedMain] o.s.b.a.e.web.EndpointLinksResolver      : Exposing 2 endpoint(s) beneath base path '/actuator'
2020-06-06 13:48:07.123  INFO 18581 --- [restartedMain] o.s.b.w.embedded.tomcat.TomcatWebServer  : Tomcat started on port(s): 8080 (http) with context path '/api'
2020-06-06 13:48:07.124  INFO 18581 --- [restartedMain] DeferredRepositoryInitializationListener : Triggering deferred initialization of Spring Data repositories…
2020-06-06 13:48:07.209  INFO 18581 --- [restartedMain] DeferredRepositoryInitializationListener : Spring Data repositories initialized!
2020-06-06 13:48:07.223  INFO 18581 --- [restartedMain] com.zjh.jobms.JobmsApplication           : Started JobmsApplication in 6.107 seconds (JVM running for 6.85)
2020-06-06 13:48:07.630  INFO 18581 --- [RMI TCP Connection(3)-127.0.0.1] o.a.c.c.C.[Tomcat].[localhost].[/api]    : Initializing Spring DispatcherServlet 'dispatcherServlet'
2020-06-06 13:48:07.630  INFO 18581 --- [RMI TCP Connection(3)-127.0.0.1] o.s.web.servlet.DispatcherServlet        : Initializing Servlet 'dispatcherServlet'
2020-06-06 13:48:07.655  INFO 18581 --- [RMI TCP Connection(3)-127.0.0.1] o.s.web.servlet.DispatcherServlet        : Completed initialization in 24 ms
2020-06-06 13:52:13.588  INFO 18581 --- [SpringContextShutdownHook] j.LocalContainerEntityManagerFactoryBean : Closing JPA EntityManagerFactory for persistence unit 'default'
2020-06-06 13:52:13.591  INFO 18581 --- [SpringContextShutdownHook] o.s.s.concurrent.ThreadPoolTaskExecutor  : Shutting down ExecutorService 'applicationTaskExecutor'
2020-06-06 13:52:13.594  INFO 18581 --- [SpringContextShutdownHook] com.zaxxer.hikari.HikariDataSource       : HikariPool-1 - Shutdown initiated...
2020-06-06 13:52:13.596  INFO 18581 --- [SpringContextShutdownHook] com.zaxxer.hikari.HikariDataSource       : HikariPool-1 - Shutdown completed.
2020-06-06 13:52:51.005  INFO 19343 --- [restartedMain] com.zjh.jobms.JobmsApplication           : Starting JobmsApplication on zjh-Latitude-E5440 with PID 19343 (/home/zjh/workspace/github/zhaomsdemo/jobms/target/classes started by zjh in /home/zjh/workspace/github/zhaomsdemo/jobms)
2020-06-06 13:52:51.008  INFO 19343 --- [restartedMain] com.zjh.jobms.JobmsApplication           : The following profiles are active: dev
2020-06-06 13:52:51.169  INFO 19343 --- [restartedMain] .e.DevToolsPropertyDefaultsPostProcessor : Devtools property defaults active! Set 'spring.devtools.add-properties' to 'false' to disable
2020-06-06 13:52:51.169  INFO 19343 --- [restartedMain] .e.DevToolsPropertyDefaultsPostProcessor : For additional web related logging consider setting the 'logging.level.web' property to 'DEBUG'
2020-06-06 13:52:52.342  INFO 19343 --- [restartedMain] .s.d.r.c.RepositoryConfigurationDelegate : Bootstrapping Spring Data JPA repositories in DEFERRED mode.
2020-06-06 13:52:52.398  INFO 19343 --- [restartedMain] .s.d.r.c.RepositoryConfigurationDelegate : Finished Spring Data repository scanning in 49ms. Found 1 JPA repository interfaces.
2020-06-06 13:52:53.084  INFO 19343 --- [restartedMain] o.s.b.w.embedded.tomcat.TomcatWebServer  : Tomcat initialized with port(s): 8080 (http)
2020-06-06 13:52:53.092  INFO 19343 --- [restartedMain] o.apache.catalina.core.StandardService   : Starting service [Tomcat]
2020-06-06 13:52:53.092  INFO 19343 --- [restartedMain] org.apache.catalina.core.StandardEngine  : Starting Servlet engine: [Apache Tomcat/9.0.35]
2020-06-06 13:52:53.168  INFO 19343 --- [restartedMain] o.a.c.c.C.[Tomcat].[localhost].[/api]    : Initializing Spring embedded WebApplicationContext
2020-06-06 13:52:53.169  INFO 19343 --- [restartedMain] o.s.web.context.ContextLoader            : Root WebApplicationContext: initialization completed in 2000 ms
2020-06-06 13:52:53.419  INFO 19343 --- [restartedMain] com.zaxxer.hikari.HikariDataSource       : HikariPool-1 - Starting...
2020-06-06 13:52:53.455  INFO 19343 --- [restartedMain] com.zaxxer.hikari.HikariDataSource       : HikariPool-1 - Start completed.
2020-06-06 13:52:53.460  INFO 19343 --- [restartedMain] o.s.b.a.h2.H2ConsoleAutoConfiguration    : H2 console available at '/h2-console'. Database available at 'jdbc:mysql://localhost:3306/jobms?useUnicode=true&useJDBCCompliantTimezoneShift=true&useLegacyDatetimeCode=false&serverTimezone=UTC'
2020-06-06 13:52:53.673  INFO 19343 --- [restartedMain] o.s.s.concurrent.ThreadPoolTaskExecutor  : Initializing ExecutorService 'applicationTaskExecutor'
2020-06-06 13:52:53.729  INFO 19343 --- [task-1] o.hibernate.jpa.internal.util.LogHelper  : HHH000204: Processing PersistenceUnitInfo [name: default]
2020-06-06 13:52:53.797  INFO 19343 --- [task-1] org.hibernate.Version                    : HHH000412: Hibernate ORM core version 5.4.15.Final
2020-06-06 13:52:53.954  INFO 19343 --- [task-1] o.hibernate.annotations.common.Version   : HCANN000001: Hibernate Commons Annotations {5.1.0.Final}
2020-06-06 13:52:54.070  INFO 19343 --- [task-1] org.hibernate.dialect.Dialect            : HHH000400: Using dialect: org.hibernate.dialect.MariaDB102Dialect
2020-06-06 13:52:54.632  INFO 19343 --- [task-1] o.h.e.t.j.p.i.JtaPlatformInitiator       : HHH000490: Using JtaPlatform implementation: [org.hibernate.engine.transaction.jta.platform.internal.NoJtaPlatform]
2020-06-06 13:52:54.639  INFO 19343 --- [task-1] j.LocalContainerEntityManagerFactoryBean : Initialized JPA EntityManagerFactory for persistence unit 'default'
2020-06-06 13:52:54.864  INFO 19343 --- [task-2] o.s.b.d.a.OptionalLiveReloadServer       : LiveReload server is running on port 35729
2020-06-06 13:52:55.120  WARN 19343 --- [restartedMain] JpaBaseConfiguration$JpaWebConfiguration : spring.jpa.open-in-view is enabled by default. Therefore, database queries may be performed during view rendering. Explicitly configure spring.jpa.open-in-view to disable this warning
2020-06-06 13:52:56.337  INFO 19343 --- [restartedMain] o.s.b.a.e.web.EndpointLinksResolver      : Exposing 2 endpoint(s) beneath base path '/actuator'
2020-06-06 13:52:56.427  INFO 19343 --- [restartedMain] o.s.b.w.embedded.tomcat.TomcatWebServer  : Tomcat started on port(s): 8080 (http) with context path '/api'
2020-06-06 13:52:56.429  INFO 19343 --- [restartedMain] DeferredRepositoryInitializationListener : Triggering deferred initialization of Spring Data repositories…
2020-06-06 13:52:56.533  INFO 19343 --- [restartedMain] DeferredRepositoryInitializationListener : Spring Data repositories initialized!
2020-06-06 13:52:56.554  INFO 19343 --- [restartedMain] com.zjh.jobms.JobmsApplication           : Started JobmsApplication in 6.376 seconds (JVM running for 7.315)
2020-06-06 13:52:57.006  INFO 19343 --- [RMI TCP Connection(2)-127.0.0.1] o.a.c.c.C.[Tomcat].[localhost].[/api]    : Initializing Spring DispatcherServlet 'dispatcherServlet'
2020-06-06 13:52:57.008  INFO 19343 --- [RMI TCP Connection(2)-127.0.0.1] o.s.web.servlet.DispatcherServlet        : Initializing Servlet 'dispatcherServlet'
2020-06-06 13:52:57.319  INFO 19343 --- [RMI TCP Connection(2)-127.0.0.1] o.s.web.servlet.DispatcherServlet        : Completed initialization in 310 ms
2020-06-06 13:58:16.290  INFO 19343 --- [SpringContextShutdownHook] j.LocalContainerEntityManagerFactoryBean : Closing JPA EntityManagerFactory for persistence unit 'default'
2020-06-06 13:58:16.292  INFO 19343 --- [SpringContextShutdownHook] o.s.s.concurrent.ThreadPoolTaskExecutor  : Shutting down ExecutorService 'applicationTaskExecutor'
2020-06-06 13:58:16.294  INFO 19343 --- [SpringContextShutdownHook] com.zaxxer.hikari.HikariDataSource       : HikariPool-1 - Shutdown initiated...
2020-06-06 13:58:16.296  INFO 19343 --- [SpringContextShutdownHook] com.zaxxer.hikari.HikariDataSource       : HikariPool-1 - Shutdown completed.
2020-06-06 13:58:30.276  INFO 20173 --- [restartedMain] com.zjh.jobms.JobmsApplication           : Starting JobmsApplication on zjh-Latitude-E5440 with PID 20173 (/home/zjh/workspace/github/zhaomsdemo/jobms/target/classes started by zjh in /home/zjh/workspace/github/zhaomsdemo/jobms)
2020-06-06 13:58:30.280  INFO 20173 --- [restartedMain] com.zjh.jobms.JobmsApplication           : The following profiles are active: dev
2020-06-06 13:58:30.440  INFO 20173 --- [restartedMain] .e.DevToolsPropertyDefaultsPostProcessor : Devtools property defaults active! Set 'spring.devtools.add-properties' to 'false' to disable
2020-06-06 13:58:30.440  INFO 20173 --- [restartedMain] .e.DevToolsPropertyDefaultsPostProcessor : For additional web related logging consider setting the 'logging.level.web' property to 'DEBUG'
2020-06-06 13:58:31.853  INFO 20173 --- [restartedMain] .s.d.r.c.RepositoryConfigurationDelegate : Bootstrapping Spring Data JPA repositories in DEFERRED mode.
2020-06-06 13:58:31.935  INFO 20173 --- [restartedMain] .s.d.r.c.RepositoryConfigurationDelegate : Finished Spring Data repository scanning in 65ms. Found 1 JPA repository interfaces.
2020-06-06 13:58:32.816  INFO 20173 --- [restartedMain] o.s.b.w.embedded.tomcat.TomcatWebServer  : Tomcat initialized with port(s): 8080 (http)
2020-06-06 13:58:32.824  INFO 20173 --- [restartedMain] o.apache.catalina.core.StandardService   : Starting service [Tomcat]
2020-06-06 13:58:32.825  INFO 20173 --- [restartedMain] org.apache.catalina.core.StandardEngine  : Starting Servlet engine: [Apache Tomcat/9.0.35]
2020-06-06 13:58:32.896  INFO 20173 --- [restartedMain] o.a.c.c.C.[Tomcat].[localhost].[/api]    : Initializing Spring embedded WebApplicationContext
2020-06-06 13:58:32.897  INFO 20173 --- [restartedMain] o.s.web.context.ContextLoader            : Root WebApplicationContext: initialization completed in 2456 ms
2020-06-06 13:58:33.257  INFO 20173 --- [restartedMain] com.zaxxer.hikari.HikariDataSource       : HikariPool-1 - Starting...
2020-06-06 13:58:33.303  INFO 20173 --- [restartedMain] com.zaxxer.hikari.HikariDataSource       : HikariPool-1 - Start completed.
2020-06-06 13:58:33.312  INFO 20173 --- [restartedMain] o.s.b.a.h2.H2ConsoleAutoConfiguration    : H2 console available at '/h2-console'. Database available at 'jdbc:mysql://localhost:3306/jobms?useUnicode=true&useJDBCCompliantTimezoneShift=true&useLegacyDatetimeCode=false&serverTimezone=UTC'
2020-06-06 13:58:33.571  INFO 20173 --- [restartedMain] o.s.s.concurrent.ThreadPoolTaskExecutor  : Initializing ExecutorService 'applicationTaskExecutor'
2020-06-06 13:58:33.620  INFO 20173 --- [task-1] o.hibernate.jpa.internal.util.LogHelper  : HHH000204: Processing PersistenceUnitInfo [name: default]
2020-06-06 13:58:33.656  INFO 20173 --- [task-1] org.hibernate.Version                    : HHH000412: Hibernate ORM core version 5.4.15.Final
2020-06-06 13:58:33.818  INFO 20173 --- [task-1] o.hibernate.annotations.common.Version   : HCANN000001: Hibernate Commons Annotations {5.1.0.Final}
2020-06-06 13:58:33.932  INFO 20173 --- [task-1] org.hibernate.dialect.Dialect            : HHH000400: Using dialect: org.hibernate.dialect.MariaDB102Dialect
2020-06-06 13:58:34.553  INFO 20173 --- [task-1] o.h.e.t.j.p.i.JtaPlatformInitiator       : HHH000490: Using JtaPlatform implementation: [org.hibernate.engine.transaction.jta.platform.internal.NoJtaPlatform]
2020-06-06 13:58:34.561  INFO 20173 --- [task-1] j.LocalContainerEntityManagerFactoryBean : Initialized JPA EntityManagerFactory for persistence unit 'default'
2020-06-06 13:58:34.786  INFO 20173 --- [task-2] o.s.b.d.a.OptionalLiveReloadServer       : LiveReload server is running on port 35729
2020-06-06 13:58:35.118  WARN 20173 --- [restartedMain] JpaBaseConfiguration$JpaWebConfiguration : spring.jpa.open-in-view is enabled by default. Therefore, database queries may be performed during view rendering. Explicitly configure spring.jpa.open-in-view to disable this warning
2020-06-06 13:58:35.988  INFO 20173 --- [restartedMain] o.s.b.a.e.web.EndpointLinksResolver      : Exposing 2 endpoint(s) beneath base path '/actuator'
2020-06-06 13:58:36.079  INFO 20173 --- [restartedMain] o.s.b.w.embedded.tomcat.TomcatWebServer  : Tomcat started on port(s): 8080 (http) with context path '/api'
2020-06-06 13:58:36.081  INFO 20173 --- [restartedMain] DeferredRepositoryInitializationListener : Triggering deferred initialization of Spring Data repositories…
2020-06-06 13:58:36.164  INFO 20173 --- [restartedMain] DeferredRepositoryInitializationListener : Spring Data repositories initialized!
2020-06-06 13:58:36.178  INFO 20173 --- [restartedMain] com.zjh.jobms.JobmsApplication           : Started JobmsApplication in 6.675 seconds (JVM running for 7.518)
2020-06-06 13:58:36.479  INFO 20173 --- [RMI TCP Connection(3)-127.0.0.1] o.a.c.c.C.[Tomcat].[localhost].[/api]    : Initializing Spring DispatcherServlet 'dispatcherServlet'
2020-06-06 13:58:36.479  INFO 20173 --- [RMI TCP Connection(3)-127.0.0.1] o.s.web.servlet.DispatcherServlet        : Initializing Servlet 'dispatcherServlet'
2020-06-06 13:58:36.731  INFO 20173 --- [RMI TCP Connection(3)-127.0.0.1] o.s.web.servlet.DispatcherServlet        : Completed initialization in 252 ms
2020-06-06 14:05:19.288  WARN 20173 --- [HikariPool-1 housekeeper] com.zaxxer.hikari.pool.HikariPool        : HikariPool-1 - Thread starvation or clock leap detected (housekeeper delta=45s880ms711µs632ns).
2020-06-06 14:07:25.614  INFO 20173 --- [SpringContextShutdownHook] j.LocalContainerEntityManagerFactoryBean : Closing JPA EntityManagerFactory for persistence unit 'default'
2020-06-06 14:07:25.616  INFO 20173 --- [SpringContextShutdownHook] o.s.s.concurrent.ThreadPoolTaskExecutor  : Shutting down ExecutorService 'applicationTaskExecutor'
2020-06-06 14:07:25.619  INFO 20173 --- [SpringContextShutdownHook] com.zaxxer.hikari.HikariDataSource       : HikariPool-1 - Shutdown initiated...
2020-06-06 14:07:25.622  INFO 20173 --- [SpringContextShutdownHook] com.zaxxer.hikari.HikariDataSource       : HikariPool-1 - Shutdown completed.
2020-06-06 14:09:06.589  INFO 21634 --- [restartedMain] com.zjh.jobms.JobmsApplication           : Starting JobmsApplication on zjh-Latitude-E5440 with PID 21634 (/home/zjh/workspace/github/zhaomsdemo/jobms/target/classes started by zjh in /home/zjh/workspace/github/zhaomsdemo/jobms)
2020-06-06 14:09:06.593  INFO 21634 --- [restartedMain] com.zjh.jobms.JobmsApplication           : The following profiles are active: dev
2020-06-06 14:09:06.764  INFO 21634 --- [restartedMain] .e.DevToolsPropertyDefaultsPostProcessor : Devtools property defaults active! Set 'spring.devtools.add-properties' to 'false' to disable
2020-06-06 14:09:06.765  INFO 21634 --- [restartedMain] .e.DevToolsPropertyDefaultsPostProcessor : For additional web related logging consider setting the 'logging.level.web' property to 'DEBUG'
2020-06-06 14:09:08.099  INFO 21634 --- [restartedMain] .s.d.r.c.RepositoryConfigurationDelegate : Bootstrapping Spring Data JPA repositories in DEFERRED mode.
2020-06-06 14:09:08.165  INFO 21634 --- [restartedMain] .s.d.r.c.RepositoryConfigurationDelegate : Finished Spring Data repository scanning in 55ms. Found 1 JPA repository interfaces.
2020-06-06 14:09:08.899  INFO 21634 --- [restartedMain] o.s.b.w.embedded.tomcat.TomcatWebServer  : Tomcat initialized with port(s): 8080 (http)
2020-06-06 14:09:08.907  INFO 21634 --- [restartedMain] o.apache.catalina.core.StandardService   : Starting service [Tomcat]
2020-06-06 14:09:08.907  INFO 21634 --- [restartedMain] org.apache.catalina.core.StandardEngine  : Starting Servlet engine: [Apache Tomcat/9.0.35]
2020-06-06 14:09:08.966  INFO 21634 --- [restartedMain] o.a.c.c.C.[Tomcat].[localhost].[/api]    : Initializing Spring embedded WebApplicationContext
2020-06-06 14:09:08.967  INFO 21634 --- [restartedMain] o.s.web.context.ContextLoader            : Root WebApplicationContext: initialization completed in 2201 ms
2020-06-06 14:09:09.264  INFO 21634 --- [restartedMain] com.zaxxer.hikari.HikariDataSource       : HikariPool-1 - Starting...
2020-06-06 14:09:09.300  INFO 21634 --- [restartedMain] com.zaxxer.hikari.HikariDataSource       : HikariPool-1 - Start completed.
2020-06-06 14:09:09.306  INFO 21634 --- [restartedMain] o.s.b.a.h2.H2ConsoleAutoConfiguration    : H2 console available at '/h2-console'. Database available at 'jdbc:mysql://localhost:3306/jobms?useUnicode=true&useJDBCCompliantTimezoneShift=true&useLegacyDatetimeCode=false&serverTimezone=UTC'
2020-06-06 14:09:09.506  INFO 21634 --- [restartedMain] o.s.s.concurrent.ThreadPoolTaskExecutor  : Initializing ExecutorService 'applicationTaskExecutor'
2020-06-06 14:09:09.549  INFO 21634 --- [task-1] o.hibernate.jpa.internal.util.LogHelper  : HHH000204: Processing PersistenceUnitInfo [name: default]
2020-06-06 14:09:09.589  INFO 21634 --- [task-1] org.hibernate.Version                    : HHH000412: Hibernate ORM core version 5.4.15.Final
2020-06-06 14:09:09.697  INFO 21634 --- [task-1] o.hibernate.annotations.common.Version   : HCANN000001: Hibernate Commons Annotations {5.1.0.Final}
2020-06-06 14:09:09.806  INFO 21634 --- [task-1] org.hibernate.dialect.Dialect            : HHH000400: Using dialect: org.hibernate.dialect.MariaDB102Dialect
2020-06-06 14:09:10.342  INFO 21634 --- [task-1] o.h.e.t.j.p.i.JtaPlatformInitiator       : HHH000490: Using JtaPlatform implementation: [org.hibernate.engine.transaction.jta.platform.internal.NoJtaPlatform]
2020-06-06 14:09:10.348  INFO 21634 --- [task-1] j.LocalContainerEntityManagerFactoryBean : Initialized JPA EntityManagerFactory for persistence unit 'default'
2020-06-06 14:09:10.586  INFO 21634 --- [task-2] o.s.b.d.a.OptionalLiveReloadServer       : LiveReload server is running on port 35729
2020-06-06 14:09:10.839  WARN 21634 --- [restartedMain] JpaBaseConfiguration$JpaWebConfiguration : spring.jpa.open-in-view is enabled by default. Therefore, database queries may be performed during view rendering. Explicitly configure spring.jpa.open-in-view to disable this warning
2020-06-06 14:09:11.626  INFO 21634 --- [restartedMain] o.s.b.a.e.web.EndpointLinksResolver      : Exposing 2 endpoint(s) beneath base path '/actuator'
2020-06-06 14:09:11.698  INFO 21634 --- [restartedMain] o.s.b.w.embedded.tomcat.TomcatWebServer  : Tomcat started on port(s): 8080 (http) with context path '/api'
2020-06-06 14:09:11.699  INFO 21634 --- [restartedMain] DeferredRepositoryInitializationListener : Triggering deferred initialization of Spring Data repositories…
2020-06-06 14:09:11.779  INFO 21634 --- [restartedMain] DeferredRepositoryInitializationListener : Spring Data repositories initialized!
2020-06-06 14:09:11.792  INFO 21634 --- [restartedMain] com.zjh.jobms.JobmsApplication           : Started JobmsApplication in 6.043 seconds (JVM running for 7.013)
2020-06-06 14:09:12.038  INFO 21634 --- [RMI TCP Connection(2)-127.0.0.1] o.a.c.c.C.[Tomcat].[localhost].[/api]    : Initializing Spring DispatcherServlet 'dispatcherServlet'
2020-06-06 14:09:12.038  INFO 21634 --- [RMI TCP Connection(2)-127.0.0.1] o.s.web.servlet.DispatcherServlet        : Initializing Servlet 'dispatcherServlet'
2020-06-06 14:09:12.223  INFO 21634 --- [RMI TCP Connection(2)-127.0.0.1] o.s.web.servlet.DispatcherServlet        : Completed initialization in 185 ms
2020-06-06 14:13:59.846  INFO 21634 --- [SpringContextShutdownHook] j.LocalContainerEntityManagerFactoryBean : Closing JPA EntityManagerFactory for persistence unit 'default'
2020-06-06 14:13:59.848  INFO 21634 --- [SpringContextShutdownHook] o.s.s.concurrent.ThreadPoolTaskExecutor  : Shutting down ExecutorService 'applicationTaskExecutor'
2020-06-06 14:13:59.851  INFO 21634 --- [SpringContextShutdownHook] com.zaxxer.hikari.HikariDataSource       : HikariPool-1 - Shutdown initiated...
2020-06-06 14:13:59.854  INFO 21634 --- [SpringContextShutdownHook] com.zaxxer.hikari.HikariDataSource       : HikariPool-1 - Shutdown completed.
2020-06-06 14:16:08.151  INFO 22391 --- [restartedMain] com.zjh.jobms.JobmsApplication           : Starting JobmsApplication on zjh-Latitude-E5440 with PID 22391 (/home/zjh/workspace/github/zhaomsdemo/jobms/target/classes started by zjh in /home/zjh/workspace/github/zhaomsdemo/jobms)
2020-06-06 14:16:08.155  INFO 22391 --- [restartedMain] com.zjh.jobms.JobmsApplication           : The following profiles are active: dev
2020-06-06 14:16:08.288  INFO 22391 --- [restartedMain] .e.DevToolsPropertyDefaultsPostProcessor : Devtools property defaults active! Set 'spring.devtools.add-properties' to 'false' to disable
2020-06-06 14:16:08.289  INFO 22391 --- [restartedMain] .e.DevToolsPropertyDefaultsPostProcessor : For additional web related logging consider setting the 'logging.level.web' property to 'DEBUG'
2020-06-06 14:16:09.345  INFO 22391 --- [restartedMain] .s.d.r.c.RepositoryConfigurationDelegate : Bootstrapping Spring Data JPA repositories in DEFERRED mode.
2020-06-06 14:16:09.415  INFO 22391 --- [restartedMain] .s.d.r.c.RepositoryConfigurationDelegate : Finished Spring Data repository scanning in 58ms. Found 1 JPA repository interfaces.
2020-06-06 14:16:10.155  INFO 22391 --- [restartedMain] o.s.b.w.embedded.tomcat.TomcatWebServer  : Tomcat initialized with port(s): 8080 (http)
2020-06-06 14:16:10.164  INFO 22391 --- [restartedMain] o.apache.catalina.core.StandardService   : Starting service [Tomcat]
2020-06-06 14:16:10.165  INFO 22391 --- [restartedMain] org.apache.catalina.core.StandardEngine  : Starting Servlet engine: [Apache Tomcat/9.0.35]
2020-06-06 14:16:10.225  INFO 22391 --- [restartedMain] o.a.c.c.C.[Tomcat].[localhost].[/api]    : Initializing Spring embedded WebApplicationContext
2020-06-06 14:16:10.225  INFO 22391 --- [restartedMain] o.s.web.context.ContextLoader            : Root WebApplicationContext: initialization completed in 1936 ms
2020-06-06 14:16:10.523  INFO 22391 --- [restartedMain] com.zaxxer.hikari.HikariDataSource       : HikariPool-1 - Starting...
2020-06-06 14:16:10.564  INFO 22391 --- [restartedMain] com.zaxxer.hikari.HikariDataSource       : HikariPool-1 - Start completed.
2020-06-06 14:16:10.570  INFO 22391 --- [restartedMain] o.s.b.a.h2.H2ConsoleAutoConfiguration    : H2 console available at '/h2-console'. Database available at 'jdbc:mysql://localhost:3306/jobms?useUnicode=true&useJDBCCompliantTimezoneShift=true&useLegacyDatetimeCode=false&serverTimezone=UTC'
2020-06-06 14:16:10.791  INFO 22391 --- [restartedMain] o.s.s.concurrent.ThreadPoolTaskExecutor  : Initializing ExecutorService 'applicationTaskExecutor'
2020-06-06 14:16:10.833  INFO 22391 --- [task-1] o.hibernate.jpa.internal.util.LogHelper  : HHH000204: Processing PersistenceUnitInfo [name: default]
2020-06-06 14:16:10.879  INFO 22391 --- [task-1] org.hibernate.Version                    : HHH000412: Hibernate ORM core version 5.4.15.Final
2020-06-06 14:16:11.042  INFO 22391 --- [task-1] o.hibernate.annotations.common.Version   : HCANN000001: Hibernate Commons Annotations {5.1.0.Final}
2020-06-06 14:16:11.172  INFO 22391 --- [task-1] org.hibernate.dialect.Dialect            : HHH000400: Using dialect: org.hibernate.dialect.MariaDB102Dialect
2020-06-06 14:16:11.745  INFO 22391 --- [task-1] o.h.e.t.j.p.i.JtaPlatformInitiator       : HHH000490: Using JtaPlatform implementation: [org.hibernate.engine.transaction.jta.platform.internal.NoJtaPlatform]
2020-06-06 14:16:11.752  INFO 22391 --- [task-1] j.LocalContainerEntityManagerFactoryBean : Initialized JPA EntityManagerFactory for persistence unit 'default'
2020-06-06 14:16:11.979  INFO 22391 --- [task-2] o.s.b.d.a.OptionalLiveReloadServer       : LiveReload server is running on port 35729
2020-06-06 14:16:12.257  WARN 22391 --- [restartedMain] JpaBaseConfiguration$JpaWebConfiguration : spring.jpa.open-in-view is enabled by default. Therefore, database queries may be performed during view rendering. Explicitly configure spring.jpa.open-in-view to disable this warning
2020-06-06 14:16:13.126  INFO 22391 --- [restartedMain] o.s.b.a.e.web.EndpointLinksResolver      : Exposing 2 endpoint(s) beneath base path '/actuator'
2020-06-06 14:16:13.211  INFO 22391 --- [restartedMain] o.s.b.w.embedded.tomcat.TomcatWebServer  : Tomcat started on port(s): 8080 (http) with context path '/api'
2020-06-06 14:16:13.213  INFO 22391 --- [restartedMain] DeferredRepositoryInitializationListener : Triggering deferred initialization of Spring Data repositories…
2020-06-06 14:16:13.315  INFO 22391 --- [restartedMain] DeferredRepositoryInitializationListener : Spring Data repositories initialized!
2020-06-06 14:16:13.333  INFO 22391 --- [restartedMain] com.zjh.jobms.JobmsApplication           : Started JobmsApplication in 6.122 seconds (JVM running for 7.042)
2020-06-06 14:16:13.605  INFO 22391 --- [RMI TCP Connection(1)-127.0.0.1] o.a.c.c.C.[Tomcat].[localhost].[/api]    : Initializing Spring DispatcherServlet 'dispatcherServlet'
2020-06-06 14:16:13.606  INFO 22391 --- [RMI TCP Connection(1)-127.0.0.1] o.s.web.servlet.DispatcherServlet        : Initializing Servlet 'dispatcherServlet'
2020-06-06 14:16:13.798  INFO 22391 --- [RMI TCP Connection(1)-127.0.0.1] o.s.web.servlet.DispatcherServlet        : Completed initialization in 192 ms
2020-06-06 14:40:53.160  WARN 22391 --- [http-nio-8080-exec-4] com.zaxxer.hikari.pool.PoolBase          : HikariPool-1 - Failed to validate connection org.mariadb.jdbc.MariaDbConnection@38a6602f ((conn=141) Connection.setNetworkTimeout cannot be called on a closed connection). Possibly consider using a shorter maxLifetime value.
2020-06-06 14:40:53.162  WARN 22391 --- [http-nio-8080-exec-4] com.zaxxer.hikari.pool.PoolBase          : HikariPool-1 - Failed to validate connection org.mariadb.jdbc.MariaDbConnection@1f3bee76 ((conn=142) Connection.setNetworkTimeout cannot be called on a closed connection). Possibly consider using a shorter maxLifetime value.
2020-06-06 14:40:53.176  WARN 22391 --- [http-nio-8080-exec-4] com.zaxxer.hikari.pool.PoolBase          : HikariPool-1 - Failed to validate connection org.mariadb.jdbc.MariaDbConnection@141752a6 ((conn=143) Connection.setNetworkTimeout cannot be called on a closed connection). Possibly consider using a shorter maxLifetime value.
2020-06-06 14:40:53.177  WARN 22391 --- [http-nio-8080-exec-4] com.zaxxer.hikari.pool.PoolBase          : HikariPool-1 - Failed to validate connection org.mariadb.jdbc.MariaDbConnection@569d950b ((conn=144) Connection.setNetworkTimeout cannot be called on a closed connection). Possibly consider using a shorter maxLifetime value.
2020-06-06 14:40:53.178  WARN 22391 --- [http-nio-8080-exec-4] com.zaxxer.hikari.pool.PoolBase          : HikariPool-1 - Failed to validate connection org.mariadb.jdbc.MariaDbConnection@5bfd88bb ((conn=145) Connection.setNetworkTimeout cannot be called on a closed connection). Possibly consider using a shorter maxLifetime value.
2020-06-06 14:40:53.179  WARN 22391 --- [http-nio-8080-exec-4] com.zaxxer.hikari.pool.PoolBase          : HikariPool-1 - Failed to validate connection org.mariadb.jdbc.MariaDbConnection@1b7595ec ((conn=146) Connection.setNetworkTimeout cannot be called on a closed connection). Possibly consider using a shorter maxLifetime value.
2020-06-06 14:40:53.180  WARN 22391 --- [http-nio-8080-exec-4] com.zaxxer.hikari.pool.PoolBase          : HikariPool-1 - Failed to validate connection org.mariadb.jdbc.MariaDbConnection@35d96646 ((conn=147) Connection.setNetworkTimeout cannot be called on a closed connection). Possibly consider using a shorter maxLifetime value.
2020-06-06 14:40:53.183  WARN 22391 --- [http-nio-8080-exec-4] com.zaxxer.hikari.pool.PoolBase          : HikariPool-1 - Failed to validate connection org.mariadb.jdbc.MariaDbConnection@fd6883b ((conn=148) Connection.setNetworkTimeout cannot be called on a closed connection). Possibly consider using a shorter maxLifetime value.
2020-06-06 14:40:53.185  WARN 22391 --- [http-nio-8080-exec-4] com.zaxxer.hikari.pool.PoolBase          : HikariPool-1 - Failed to validate connection org.mariadb.jdbc.MariaDbConnection@38d9712a ((conn=149) Connection.setNetworkTimeout cannot be called on a closed connection). Possibly consider using a shorter maxLifetime value.
2020-06-06 14:40:53.186  WARN 22391 --- [http-nio-8080-exec-4] com.zaxxer.hikari.pool.PoolBase          : HikariPool-1 - Failed to validate connection org.mariadb.jdbc.MariaDbConnection@f345928 ((conn=150) Connection.setNetworkTimeout cannot be called on a closed connection). Possibly consider using a shorter maxLifetime value.
2020-06-06 14:57:45.384  WARN 22391 --- [http-nio-8080-exec-9] com.zaxxer.hikari.pool.PoolBase          : HikariPool-1 - Failed to validate connection org.mariadb.jdbc.MariaDbConnection@5e4e23d ((conn=151) Connection.setNetworkTimeout cannot be called on a closed connection). Possibly consider using a shorter maxLifetime value.
2020-06-06 14:57:45.387  WARN 22391 --- [http-nio-8080-exec-9] com.zaxxer.hikari.pool.PoolBase          : HikariPool-1 - Failed to validate connection org.mariadb.jdbc.MariaDbConnection@44d9e806 ((conn=152) Connection.setNetworkTimeout cannot be called on a closed connection). Possibly consider using a shorter maxLifetime value.
2020-06-06 14:57:45.392  WARN 22391 --- [http-nio-8080-exec-9] com.zaxxer.hikari.pool.PoolBase          : HikariPool-1 - Failed to validate connection org.mariadb.jdbc.MariaDbConnection@5700eff1 ((conn=153) Connection.setNetworkTimeout cannot be called on a closed connection). Possibly consider using a shorter maxLifetime value.
2020-06-06 14:57:45.395  WARN 22391 --- [http-nio-8080-exec-9] com.zaxxer.hikari.pool.PoolBase          : HikariPool-1 - Failed to validate connection org.mariadb.jdbc.MariaDbConnection@75d70a26 ((conn=154) Connection.setNetworkTimeout cannot be called on a closed connection). Possibly consider using a shorter maxLifetime value.
2020-06-06 14:57:45.398  WARN 22391 --- [http-nio-8080-exec-9] com.zaxxer.hikari.pool.PoolBase          : HikariPool-1 - Failed to validate connection org.mariadb.jdbc.MariaDbConnection@2fe4536b ((conn=155) Connection.setNetworkTimeout cannot be called on a closed connection). Possibly consider using a shorter maxLifetime value.
2020-06-06 14:57:45.399  WARN 22391 --- [http-nio-8080-exec-9] com.zaxxer.hikari.pool.PoolBase          : HikariPool-1 - Failed to validate connection org.mariadb.jdbc.MariaDbConnection@24f61749 ((conn=156) Connection.setNetworkTimeout cannot be called on a closed connection). Possibly consider using a shorter maxLifetime value.
2020-06-06 14:57:45.400  WARN 22391 --- [http-nio-8080-exec-9] com.zaxxer.hikari.pool.PoolBase          : HikariPool-1 - Failed to validate connection org.mariadb.jdbc.MariaDbConnection@74591b41 ((conn=157) Connection.setNetworkTimeout cannot be called on a closed connection). Possibly consider using a shorter maxLifetime value.
2020-06-06 14:57:45.401  WARN 22391 --- [http-nio-8080-exec-9] com.zaxxer.hikari.pool.PoolBase          : HikariPool-1 - Failed to validate connection org.mariadb.jdbc.MariaDbConnection@3992a9d6 ((conn=158) Connection.setNetworkTimeout cannot be called on a closed connection). Possibly consider using a shorter maxLifetime value.
2020-06-06 14:57:45.402  WARN 22391 --- [http-nio-8080-exec-9] com.zaxxer.hikari.pool.PoolBase          : HikariPool-1 - Failed to validate connection org.mariadb.jdbc.MariaDbConnection@34e0da84 ((conn=159) Connection.setNetworkTimeout cannot be called on a closed connection). Possibly consider using a shorter maxLifetime value.
2020-06-06 14:57:45.404  WARN 22391 --- [http-nio-8080-exec-9] com.zaxxer.hikari.pool.PoolBase          : HikariPool-1 - Failed to validate connection org.mariadb.jdbc.MariaDbConnection@20b8cf0e ((conn=160) Connection.setNetworkTimeout cannot be called on a closed connection). Possibly consider using a shorter maxLifetime value.
2020-06-06 15:13:34.239  INFO 22391 --- [SpringContextShutdownHook] j.LocalContainerEntityManagerFactoryBean : Closing JPA EntityManagerFactory for persistence unit 'default'
2020-06-06 15:13:34.241  INFO 22391 --- [SpringContextShutdownHook] o.s.s.concurrent.ThreadPoolTaskExecutor  : Shutting down ExecutorService 'applicationTaskExecutor'
2020-06-06 15:13:34.243  INFO 22391 --- [SpringContextShutdownHook] com.zaxxer.hikari.HikariDataSource       : HikariPool-1 - Shutdown initiated...
2020-06-06 15:13:34.246  INFO 22391 --- [SpringContextShutdownHook] com.zaxxer.hikari.HikariDataSource       : HikariPool-1 - Shutdown completed.
